[0530/113526.114:ERROR:process_reader_win.cc(123)] NtOpenThread: {Acceso denegado} Un proceso ha solicitado acceso a un objeto, pero no se le han concedido esos derechos de acceso. (0xc0000022)
[0530/113526.146:ERROR:exception_snapshot_win.cc(98)] thread ID 9072 not found in process
[0530/113526.146:ERROR:scoped_process_suspend.cc(40)] NtResumeProcess: Se intentó obtener acceso a un proceso que está cerrándose. (0xc000010a)
[0530/124202.267:ERROR:process_memory_win.cc(73)] ReadMemory at 0x1e9296e34d0 of 72 bytes failed: Solo se completó una parte de una solicitud ReadProcessMemory o WriteProcessMemory. (0x12B)
[0530/124202.304:WARNING:pe_image_annotations_reader.cc(134)] could not read annotations list object in C:\Program Files (x86)\Google\Chrome\Application\83.0.4103.61\chrome_elf.dll
[0530/124202.305:ERROR:process_memory_win.cc(73)] ReadMemory at 0x7ff887f30000 of 64 bytes failed: Solo se completó una parte de una solicitud ReadProcessMemory o WriteProcessMemory. (0x12B)
[0530/124202.305:WARNING:pe_image_reader.cc(340)] could not read dos header from C:\Program Files (x86)\Google\Chrome\Application\83.0.4103.61\chrome.dll
[0530/124202.305:ERROR:process_memory_win.cc(73)] ReadMemory at 0x1e9298f0000 of 64 bytes failed: Solo se completó una parte de una solicitud ReadProcessMemory o WriteProcessMemory. (0x12B)
[0530/124202.305:WARNING:pe_image_reader.cc(340)] could not read dos header from C:\WINDOWS\System32\GDI32.dll
[0530/124202.314:ERROR:process_memory_win.cc(73)] ReadMemory at 0x7ff6d4ce0000 of 64 bytes failed: Solo se completó una parte de una solicitud ReadProcessMemory o WriteProcessMemory. (0x12B)
[0530/124202.315:WARNING:pe_image_reader.cc(340)] could not read dos header from C:\Program Files (x86)\Google\Chrome\Application\chrome.exe
[0530/124202.315:ERROR:process_memory_win.cc(73)] ReadMemory at 0x1e9296e34d0 of 72 bytes failed: Solo se completó una parte de una solicitud ReadProcessMemory o WriteProcessMemory. (0x12B)
[0530/124202.315:WARNING:pe_image_annotations_reader.cc(134)] could not read annotations list object in C:\Program Files (x86)\Google\Chrome\Application\83.0.4103.61\chrome_elf.dll
[0530/124202.316:ERROR:process_memory_win.cc(73)] ReadMemory at 0x7ff887f30000 of 64 bytes failed: Solo se completó una parte de una solicitud ReadProcessMemory o WriteProcessMemory. (0x12B)
[0530/124202.316:WARNING:pe_image_reader.cc(340)] could not read dos header from C:\Program Files (x86)\Google\Chrome\Application\83.0.4103.61\chrome.dll
[0530/124202.316:ERROR:process_memory_win.cc(73)] ReadMemory at 0x1e9298f0000 of 64 bytes failed: Solo se completó una parte de una solicitud ReadProcessMemory o WriteProcessMemory. (0x12B)
[0530/124202.316:WARNING:pe_image_reader.cc(340)] could not read dos header from C:\WINDOWS\System32\GDI32.dll
[0530/124202.316:ERROR:process_memory_win.cc(73)] ReadMemory at 0x7ff6d4ce0000 of 64 bytes failed: Solo se completó una parte de una solicitud ReadProcessMemory o WriteProcessMemory. (0x12B)
[0530/124202.316:WARNING:pe_image_reader.cc(340)] could not read dos header from C:\Program Files (x86)\Google\Chrome\Application\chrome.exe
[0530/124202.316:ERROR:process_memory_win.cc(73)] ReadMemory at 0x1e9296e34d0 of 72 bytes failed: Solo se completó una parte de una solicitud ReadProcessMemory o WriteProcessMemory. (0x12B)
[0530/124202.316:WARNING:pe_image_annotations_reader.cc(134)] could not read annotations list object in C:\Program Files (x86)\Google\Chrome\Application\83.0.4103.61\chrome_elf.dll
[0530/124202.316:ERROR:process_memory_win.cc(73)] ReadMemory at 0x7ff887f30000 of 64 bytes failed: Solo se completó una parte de una solicitud ReadProcessMemory o WriteProcessMemory. (0x12B)
[0530/124202.316:WARNING:pe_image_reader.cc(340)] could not read dos header from C:\Program Files (x86)\Google\Chrome\Application\83.0.4103.61\chrome.dll
[0530/124202.324:ERROR:process_memory_win.cc(73)] ReadMemory at 0x1e9298f0000 of 64 bytes failed: Solo se completó una parte de una solicitud ReadProcessMemory o WriteProcessMemory. (0x12B)
[0530/124202.324:WARNING:pe_image_reader.cc(340)] could not read dos header from C:\WINDOWS\System32\GDI32.dll
[0530/124202.340:ERROR:process_memory_win.cc(73)] ReadMemory at 0x7ff8cdef0000 of 64 bytes failed: Solo se completó una parte de una solicitud ReadProcessMemory o WriteProcessMemory. (0x12B)
[0530/124202.340:WARNING:pe_image_reader.cc(340)] could not read dos header from C:\WINDOWS\System32\gdi32full.dll
[0530/124202.341:ERROR:process_memory_win.cc(73)] ReadMemory at 0x7ff8ccc80000 of 64 bytes failed: Solo se completó una parte de una solicitud ReadProcessMemory o WriteProcessMemory. (0x12B)
[0530/124202.341:WARNING:pe_image_reader.cc(340)] could not read dos header from C:\WINDOWS\SYSTEM32\CRYPTBASE.DLL
[0530/124202.383:ERROR:process_memory_win.cc(73)] ReadMemory at 0x292d7e5000 of 110592 bytes failed: Solo se completó una parte de una solicitud ReadProcessMemory o WriteProcessMemory. (0x12B)
[0530/124202.383:ERROR:process_memory_win.cc(73)] ReadMemory at 0x292dffd000 of 12288 bytes failed: Solo se completó una parte de una solicitud ReadProcessMemory o WriteProcessMemory. (0x12B)
[0530/124202.383:ERROR:process_memory_win.cc(73)] ReadMemory at 0x292e7fd000 of 12288 bytes failed: Solo se completó una parte de una solicitud ReadProcessMemory o WriteProcessMemory. (0x12B)
[0530/124202.383:ERROR:process_memory_win.cc(73)] ReadMemory at 0x292effc000 of 16384 bytes failed: Solo se completó una parte de una solicitud ReadProcessMemory o WriteProcessMemory. (0x12B)
[0530/124202.383:ERROR:process_memory_win.cc(73)] ReadMemory at 0x292f7fc000 of 16384 bytes failed: Solo se completó una parte de una solicitud ReadProcessMemory o WriteProcessMemory. (0x12B)
[0530/124202.383:ERROR:process_memory_win.cc(73)] ReadMemory at 0x292ffff000 of 4096 bytes failed: Solo se completó una parte de una solicitud ReadProcessMemory o WriteProcessMemory. (0x12B)
[0530/124202.383:ERROR:process_memory_win.cc(73)] ReadMemory at 0x29307fd000 of 12288 bytes failed: Solo se completó una parte de una solicitud ReadProcessMemory o WriteProcessMemory. (0x12B)
[0530/124202.383:ERROR:process_memory_win.cc(73)] ReadMemory at 0x2930ffb000 of 20480 bytes failed: Solo se completó una parte de una solicitud ReadProcessMemory o WriteProcessMemory. (0x12B)
[0530/124202.383:ERROR:process_memory_win.cc(73)] ReadMemory at 0x2931ffd000 of 12288 bytes failed: Solo se completó una parte de una solicitud ReadProcessMemory o WriteProcessMemory. (0x12B)
[0530/124202.383:ERROR:process_memory_win.cc(73)] ReadMemory at 0x29327f6000 of 40960 bytes failed: Solo se completó una parte de una solicitud ReadProcessMemory o WriteProcessMemory. (0x12B)
[0530/124202.383:ERROR:process_memory_win.cc(73)] ReadMemory at 0x2932ff5000 of 45056 bytes failed: Solo se completó una parte de una solicitud ReadProcessMemory o WriteProcessMemory. (0x12B)
[0530/124202.383:ERROR:process_memory_win.cc(73)] ReadMemory at 0x29337fd000 of 12288 bytes failed: Solo se completó una parte de una solicitud ReadProcessMemory o WriteProcessMemory. (0x12B)
[0530/124202.383:ERROR:process_memory_win.cc(73)] ReadMemory at 0x29317f8000 of 32768 bytes failed: Solo se completó una parte de una solicitud ReadProcessMemory o WriteProcessMemory. (0x12B)
[0530/124202.383:ERROR:process_memory_win.cc(73)] ReadMemory at 0x2934ff9000 of 28672 bytes failed: Solo se completó una parte de una solicitud ReadProcessMemory o WriteProcessMemory. (0x12B)
[0530/124202.383:ERROR:process_memory_win.cc(73)] ReadMemory at 0x2933fff000 of 4096 bytes failed: Solo se completó una parte de una solicitud ReadProcessMemory o WriteProcessMemory. (0x12B)
[0530/124202.383:ERROR:process_memory_win.cc(73)] ReadMemory at 0x292ceca000 of 852 bytes failed: Solo se completó una parte de una solicitud ReadProcessMemory o WriteProcessMemory. (0x12B)
[0530/124202.383:ERROR:process_memory_win.cc(73)] ReadMemory at 0x292cecb000 of 6024 bytes failed: Solo se completó una parte de una solicitud ReadProcessMemory o WriteProcessMemory. (0x12B)
[0530/124202.383:ERROR:process_memory_win.cc(73)] ReadMemory at 0x292cecd000 of 6024 bytes failed: Solo se completó una parte de una solicitud ReadProcessMemory o WriteProcessMemory. (0x12B)
[0530/124202.383:ERROR:process_memory_win.cc(73)] ReadMemory at 0x292cecf000 of 6024 bytes failed: Solo se completó una parte de una solicitud ReadProcessMemory o WriteProcessMemory. (0x12B)
[0530/124202.383:ERROR:process_memory_win.cc(73)] ReadMemory at 0x292ced1000 of 6024 bytes failed: Solo se completó una parte de una solicitud ReadProcessMemory o WriteProcessMemory. (0x12B)
[0530/124202.383:ERROR:process_memory_win.cc(73)] ReadMemory at 0x292ced3000 of 6024 bytes failed: Solo se completó una parte de una solicitud ReadProcessMemory o WriteProcessMemory. (0x12B)
[0530/124202.383:ERROR:process_memory_win.cc(73)] ReadMemory at 0x292ced5000 of 6024 bytes failed: Solo se completó una parte de una solicitud ReadProcessMemory o WriteProcessMemory. (0x12B)
[0530/124202.383:ERROR:process_memory_win.cc(73)] ReadMemory at 0x292ced7000 of 6024 bytes failed: Solo se completó una parte de una solicitud ReadProcessMemory o WriteProcessMemory. (0x12B)
[0530/124202.383:ERROR:process_memory_win.cc(73)] ReadMemory at 0x292ced9000 of 6024 bytes failed: Solo se completó una parte de una solicitud ReadProcessMemory o WriteProcessMemory. (0x12B)
[0530/124202.383:ERROR:process_memory_win.cc(73)] ReadMemory at 0x292cedd000 of 6024 bytes failed: Solo se completó una parte de una solicitud ReadProcessMemory o WriteProcessMemory. (0x12B)
[0530/124202.383:ERROR:process_memory_win.cc(73)] ReadMemory at 0x292cedf000 of 6024 bytes failed: Solo se completó una parte de una solicitud ReadProcessMemory o WriteProcessMemory. (0x12B)
[0530/124202.383:ERROR:process_memory_win.cc(73)] ReadMemory at 0x292cee1000 of 6024 bytes failed: Solo se completó una parte de una solicitud ReadProcessMemory o WriteProcessMemory. (0x12B)
[0530/124202.383:ERROR:process_memory_win.cc(73)] ReadMemory at 0x292cee3000 of 6024 bytes failed: Solo se completó una parte de una solicitud ReadProcessMemory o WriteProcessMemory. (0x12B)
[0530/124202.383:ERROR:process_memory_win.cc(73)] ReadMemory at 0x292cee9000 of 6024 bytes failed: Solo se completó una parte de una solicitud ReadProcessMemory o WriteProcessMemory. (0x12B)
[0530/124202.383:ERROR:process_memory_win.cc(73)] ReadMemory at 0x292ceeb000 of 6024 bytes failed: Solo se completó una parte de una solicitud ReadProcessMemory o WriteProcessMemory. (0x12B)
[0530/124202.383:ERROR:process_memory_win.cc(73)] ReadMemory at 0x292ceed000 of 6024 bytes failed: Solo se completó una parte de una solicitud ReadProcessMemory o WriteProcessMemory. (0x12B)
[0530/124202.383:ERROR:process_memory_win.cc(73)] ReadMemory at 0x1e929710fe0 of 8378 bytes failed: Solo se completó una parte de una solicitud ReadProcessMemory o WriteProcessMemory. (0x12B)
[0530/124202.383:ERROR:process_memory_win.cc(73)] ReadMemory at 0x1e9297130b0 of 1012 bytes failed: Solo se completó una parte de una solicitud ReadProcessMemory o WriteProcessMemory. (0x12B)
[0530/124202.383:ERROR:process_memory_win.cc(73)] ReadMemory at 0x1e9297136f8 of 118 bytes failed: Solo se completó una parte de una solicitud ReadProcessMemory o WriteProcessMemory. (0x12B)
[0530/124202.383:ERROR:process_memory_win.cc(73)] ReadMemory at 0x1e929713770 of 1254 bytes failed: Solo se completó una parte de una solicitud ReadProcessMemory o WriteProcessMemory. (0x12B)
[0530/124202.383:ERROR:process_memory_win.cc(73)] ReadMemory at 0x1e929713c58 of 118 bytes failed: Solo se completó una parte de una solicitud ReadProcessMemory o WriteProcessMemory. (0x12B)
[0530/124202.383:ERROR:process_memory_win.cc(73)] ReadMemory at 0x1e929713cd0 of 96 bytes failed: Solo se completó una parte de una solicitud ReadProcessMemory o WriteProcessMemory. (0x12B)
[0530/124202.383:ERROR:process_memory_win.cc(73)] ReadMemory at 0x1e929713d40 of 58 bytes failed: Solo se completó una parte de una solicitud ReadProcessMemory o WriteProcessMemory. (0x12B)
[0530/124202.383:ERROR:process_memory_win.cc(73)] ReadMemory at 0x1e929713e40 of 132 bytes failed: Solo se completó una parte de una solicitud ReadProcessMemory o WriteProcessMemory. (0x12B)
[0530/124202.383:ERROR:process_memory_win.cc(73)] ReadMemory at 0x1e929713fd0 of 132 bytes failed: Solo se completó una parte de una solicitud ReadProcessMemory o WriteProcessMemory. (0x12B)
[0530/124202.383:ERROR:process_memory_win.cc(73)] ReadMemory at 0x1e929714190 of 124 bytes failed: Solo se completó una parte de una solicitud ReadProcessMemory o WriteProcessMemory. (0x12B)
[0530/124202.383:ERROR:process_memory_win.cc(73)] ReadMemory at 0x1e929714570 of 132 bytes failed: Solo se completó una parte de una solicitud ReadProcessMemory o WriteProcessMemory. (0x12B)
[0530/124202.383:ERROR:process_memory_win.cc(73)] ReadMemory at 0x1e929714700 of 64 bytes failed: Solo se completó una parte de una solicitud ReadProcessMemory o WriteProcessMemory. (0x12B)
[0530/124202.399:ERROR:process_memory_win.cc(73)] ReadMemory at 0x1e929714750 of 132 bytes failed: Solo se completó una parte de una solicitud ReadProcessMemory o WriteProcessMemory. (0x12B)
[0530/124202.399:ERROR:process_memory_win.cc(73)] ReadMemory at 0x1e929714960 of 152 bytes failed: Solo se completó una parte de una solicitud ReadProcessMemory o WriteProcessMemory. (0x12B)
[0530/124202.399:ERROR:process_memory_win.cc(73)] ReadMemory at 0x1e929714b60 of 132 bytes failed: Solo se completó una parte de una solicitud ReadProcessMemory o WriteProcessMemory. (0x12B)
[0530/124202.399:ERROR:process_memory_win.cc(73)] ReadMemory at 0x1e929714cf0 of 68 bytes failed: Solo se completó una parte de una solicitud ReadProcessMemory o WriteProcessMemory. (0x12B)
[0530/124202.399:ERROR:process_memory_win.cc(73)] ReadMemory at 0x1e929715dd0 of 132 bytes failed: Solo se completó una parte de una solicitud ReadProcessMemory o WriteProcessMemory. (0x12B)
[0530/124202.399:ERROR:process_memory_win.cc(73)] ReadMemory at 0x1e929715fd0 of 132 bytes failed: Solo se completó una parte de una solicitud ReadProcessMemory o WriteProcessMemory. (0x12B)
[0530/124202.400:ERROR:process_memory_win.cc(73)] ReadMemory at 0x1e929716ec0 of 62 bytes failed: Solo se completó una parte de una solicitud ReadProcessMemory o WriteProcessMemory. (0x12B)
[0530/124202.400:ERROR:process_memory_win.cc(73)] ReadMemory at 0x1e929716f10 of 132 bytes failed: Solo se completó una parte de una solicitud ReadProcessMemory o WriteProcessMemory. (0x12B)
[0530/124202.400:ERROR:process_memory_win.cc(73)] ReadMemory at 0x1e9297170b0 of 132 bytes failed: Solo se completó una parte de una solicitud ReadProcessMemory o WriteProcessMemory. (0x12B)
[0530/124202.400:ERROR:process_memory_win.cc(73)] ReadMemory at 0x1e9297171e0 of 60 bytes failed: Solo se completó una parte de una solicitud ReadProcessMemory o WriteProcessMemory. (0x12B)
[0530/124202.400:ERROR:process_memory_win.cc(73)] ReadMemory at 0x1e929717580 of 144 bytes failed: Solo se completó una parte de una solicitud ReadProcessMemory o WriteProcessMemory. (0x12B)
[0530/124202.400:ERROR:process_memory_win.cc(73)] ReadMemory at 0x1e92971bb70 of 132 bytes failed: Solo se completó una parte de una solicitud ReadProcessMemory o WriteProcessMemory. (0x12B)
[0530/124202.402:ERROR:process_memory_win.cc(73)] ReadMemory at 0x1e92971bca0 of 132 bytes failed: Solo se completó una parte de una solicitud ReadProcessMemory o WriteProcessMemory. (0x12B)
[0530/124202.402:ERROR:process_memory_win.cc(73)] ReadMemory at 0x1e92971be30 of 80 bytes failed: Solo se completó una parte de una solicitud ReadProcessMemory o WriteProcessMemory. (0x12B)
[0530/124202.402:ERROR:process_memory_win.cc(73)] ReadMemory at 0x1e92971c020 of 64 bytes failed: Solo se completó una parte de una solicitud ReadProcessMemory o WriteProcessMemory. (0x12B)
[0530/124202.402:ERROR:process_memory_win.cc(73)] ReadMemory at 0x1e92971c110 of 60 bytes failed: Solo se completó una parte de una solicitud ReadProcessMemory o WriteProcessMemory. (0x12B)
[0530/124202.403:ERROR:process_memory_win.cc(73)] ReadMemory at 0x1e92971c1b0 of 60 bytes failed: Solo se completó una parte de una solicitud ReadProcessMemory o WriteProcessMemory. (0x12B)
[0530/124202.403:ERROR:process_memory_win.cc(73)] ReadMemory at 0x1e92971c200 of 64 bytes failed: Solo se completó una parte de una solicitud ReadProcessMemory o WriteProcessMemory. (0x12B)
[0530/124202.403:ERROR:process_memory_win.cc(73)] ReadMemory at 0x1e92971c250 of 66 bytes failed: Solo se completó una parte de una solicitud ReadProcessMemory o WriteProcessMemory. (0x12B)
[0530/124202.403:ERROR:process_memory_win.cc(73)] ReadMemory at 0x1e92971c2a0 of 64 bytes failed: Solo se completó una parte de una solicitud ReadProcessMemory o WriteProcessMemory. (0x12B)
[0530/124202.403:ERROR:process_memory_win.cc(73)] ReadMemory at 0x1e92971c480 of 62 bytes failed: Solo se completó una parte de una solicitud ReadProcessMemory o WriteProcessMemory. (0x12B)
[0530/124202.403:ERROR:process_memory_win.cc(73)] ReadMemory at 0x1e92971c570 of 62 bytes failed: Solo se completó una parte de una solicitud ReadProcessMemory o WriteProcessMemory. (0x12B)
[0530/124202.403:ERROR:process_memory_win.cc(73)] ReadMemory at 0x1e92971c5c0 of 64 bytes failed: Solo se completó una parte de una solicitud ReadProcessMemory o WriteProcessMemory. (0x12B)
[0530/124202.403:ERROR:process_memory_win.cc(73)] ReadMemory at 0x1e92971d240 of 80 bytes failed: Solo se completó una parte de una solicitud ReadProcessMemory o WriteProcessMemory. (0x12B)
[0530/124202.403:ERROR:process_memory_win.cc(73)] ReadMemory at 0x1e92971d300 of 78 bytes failed: Solo se completó una parte de una solicitud ReadProcessMemory o WriteProcessMemory. (0x12B)
[0530/124202.403:ERROR:process_memory_win.cc(73)] ReadMemory at 0x1e92971d9c0 of 76 bytes failed: Solo se completó una parte de una solicitud ReadProcessMemory o WriteProcessMemory. (0x12B)
[0530/124202.403:ERROR:process_memory_win.cc(73)] ReadMemory at 0x1e92971f1b0 of 132 bytes failed: Solo se completó una parte de una solicitud ReadProcessMemory o WriteProcessMemory. (0x12B)
[0530/124202.403:ERROR:process_memory_win.cc(73)] ReadMemory at 0x1e92971f2e0 of 132 bytes failed: Solo se completó una parte de una solicitud ReadProcessMemory o WriteProcessMemory. (0x12B)
[0530/124202.403:ERROR:process_memory_win.cc(73)] ReadMemory at 0x1e92971fc90 of 54 bytes failed: Solo se completó una parte de una solicitud ReadProcessMemory o WriteProcessMemory. (0x12B)
[0530/124202.403:ERROR:process_memory_win.cc(73)] ReadMemory at 0x1e929721480 of 132 bytes failed: Solo se completó una parte de una solicitud ReadProcessMemory o WriteProcessMemory. (0x12B)
[0530/124202.403:ERROR:process_memory_win.cc(73)] ReadMemory at 0x1e929721b80 of 132 bytes failed: Solo se completó una parte de una solicitud ReadProcessMemory o WriteProcessMemory. (0x12B)
[0530/124202.403:ERROR:process_memory_win.cc(73)] ReadMemory at 0x1e929721d90 of 132 bytes failed: Solo se completó una parte de una solicitud ReadProcessMemory o WriteProcessMemory. (0x12B)
[0530/124202.403:ERROR:process_memory_win.cc(73)] ReadMemory at 0x1e929722e30 of 132 bytes failed: Solo se completó una parte de una solicitud ReadProcessMemory o WriteProcessMemory. (0x12B)
[0530/124202.403:ERROR:process_memory_win.cc(73)] ReadMemory at 0x1e9297266c0 of 132 bytes failed: Solo se completó una parte de una solicitud ReadProcessMemory o WriteProcessMemory. (0x12B)
[0530/124202.403:ERROR:process_memory_win.cc(73)] ReadMemory at 0x1e9297267f0 of 132 bytes failed: Solo se completó una parte de una solicitud ReadProcessMemory o WriteProcessMemory. (0x12B)
[0530/124202.403:ERROR:process_memory_win.cc(73)] ReadMemory at 0x1e929726920 of 132 bytes failed: Solo se completó una parte de una solicitud ReadProcessMemory o WriteProcessMemory. (0x12B)
[0530/124202.403:ERROR:process_memory_win.cc(73)] ReadMemory at 0x1e929726a50 of 132 bytes failed: Solo se completó una parte de una solicitud ReadProcessMemory o WriteProcessMemory. (0x12B)
[0530/124202.403:ERROR:process_memory_win.cc(73)] ReadMemory at 0x1e929726b80 of 132 bytes failed: Solo se completó una parte de una solicitud ReadProcessMemory o WriteProcessMemory. (0x12B)
[0530/124202.403:ERROR:process_memory_win.cc(73)] ReadMemory at 0x1e929726de0 of 132 bytes failed: Solo se completó una parte de una solicitud ReadProcessMemory o WriteProcessMemory. (0x12B)
[0530/124202.403:ERROR:process_memory_win.cc(73)] ReadMemory at 0x1e929726f10 of 132 bytes failed: Solo se completó una parte de una solicitud ReadProcessMemory o WriteProcessMemory. (0x12B)
[0530/124202.403:ERROR:process_memory_win.cc(73)] ReadMemory at 0x1e929727040 of 132 bytes failed: Solo se completó una parte de una solicitud ReadProcessMemory o WriteProcessMemory. (0x12B)
[0530/124202.403:ERROR:process_memory_win.cc(73)] ReadMemory at 0x1e929727170 of 132 bytes failed: Solo se completó una parte de una solicitud ReadProcessMemory o WriteProcessMemory. (0x12B)
[0530/124202.403:ERROR:process_memory_win.cc(73)] ReadMemory at 0x1e9297272a0 of 132 bytes failed: Solo se completó una parte de una solicitud ReadProcessMemory o WriteProcessMemory. (0x12B)
[0530/124202.403:ERROR:process_memory_win.cc(73)] ReadMemory at 0x1e9297273d0 of 132 bytes failed: Solo se completó una parte de una solicitud ReadProcessMemory o WriteProcessMemory. (0x12B)
[0530/124202.403:ERROR:process_memory_win.cc(73)] ReadMemory at 0x1e929727500 of 132 bytes failed: Solo se completó una parte de una solicitud ReadProcessMemory o WriteProcessMemory. (0x12B)
[0530/124202.403:ERROR:process_memory_win.cc(73)] ReadMemory at 0x1e9297276d0 of 60 bytes failed: Solo se completó una parte de una solicitud ReadProcessMemory o WriteProcessMemory. (0x12B)
[0530/124202.403:ERROR:process_memory_win.cc(73)] ReadMemory at 0x1e929727720 of 62 bytes failed: Solo se completó una parte de una solicitud ReadProcessMemory o WriteProcessMemory. (0x12B)
[0530/124202.403:ERROR:process_memory_win.cc(73)] ReadMemory at 0x1e929727770 of 64 bytes failed: Solo se completó una parte de una solicitud ReadProcessMemory o WriteProcessMemory. (0x12B)
[0530/124202.403:ERROR:process_memory_win.cc(73)] ReadMemory at 0x1e929727860 of 62 bytes failed: Solo se completó una parte de una solicitud ReadProcessMemory o WriteProcessMemory. (0x12B)
[0530/124202.403:ERROR:process_memory_win.cc(73)] ReadMemory at 0x1e929727ae0 of 60 bytes failed: Solo se completó una parte de una solicitud ReadProcessMemory o WriteProcessMemory. (0x12B)
[0530/124202.403:ERROR:process_memory_win.cc(73)] ReadMemory at 0x1e929727b80 of 66 bytes failed: Solo se completó una parte de una solicitud ReadProcessMemory o WriteProcessMemory. (0x12B)
[0530/124202.403:ERROR:process_memory_win.cc(73)] ReadMemory at 0x1e929727bd0 of 62 bytes failed: Solo se completó una parte de una solicitud ReadProcessMemory o WriteProcessMemory. (0x12B)
[0530/124202.403:ERROR:process_memory_win.cc(73)] ReadMemory at 0x1e929727e50 of 58 bytes failed: Solo se completó una parte de una solicitud ReadProcessMemory o WriteProcessMemory. (0x12B)
[0530/124202.403:ERROR:process_memory_win.cc(73)] ReadMemory at 0x1e929727ef0 of 64 bytes failed: Solo se completó una parte de una solicitud ReadProcessMemory o WriteProcessMemory. (0x12B)
[0530/124202.403:ERROR:process_memory_win.cc(73)] ReadMemory at 0x1e929728210 of 62 bytes failed: Solo se completó una parte de una solicitud ReadProcessMemory o WriteProcessMemory. (0x12B)
[0530/124202.403:ERROR:process_memory_win.cc(73)] ReadMemory at 0x1e929728260 of 62 bytes failed: Solo se completó una parte de una solicitud ReadProcessMemory o WriteProcessMemory. (0x12B)
[0530/124202.403:ERROR:process_memory_win.cc(73)] ReadMemory at 0x1e9297282b0 of 62 bytes failed: Solo se completó una parte de una solicitud ReadProcessMemory o WriteProcessMemory. (0x12B)
[0530/124202.403:ERROR:process_memory_win.cc(73)] ReadMemory at 0x1e929728350 of 60 bytes failed: Solo se completó una parte de una solicitud ReadProcessMemory o WriteProcessMemory. (0x12B)
[0530/124202.403:ERROR:process_memory_win.cc(73)] ReadMemory at 0x1e9297283a0 of 60 bytes failed: Solo se completó una parte de una solicitud ReadProcessMemory o WriteProcessMemory. (0x12B)
[0530/124202.403:ERROR:process_memory_win.cc(73)] ReadMemory at 0x1e9297283f0 of 62 bytes failed: Solo se completó una parte de una solicitud ReadProcessMemory o WriteProcessMemory. (0x12B)
[0530/124202.403:ERROR:process_memory_win.cc(73)] ReadMemory at 0x1e929728440 of 64 bytes failed: Solo se completó una parte de una solicitud ReadProcessMemory o WriteProcessMemory. (0x12B)
[0530/124202.403:ERROR:process_memory_win.cc(73)] ReadMemory at 0x1e929728490 of 62 bytes failed: Solo se completó una parte de una solicitud ReadProcessMemory o WriteProcessMemory. (0x12B)
[0530/124202.403:ERROR:process_memory_win.cc(73)] ReadMemory at 0x1e929728620 of 64 bytes failed: Solo se completó una parte de una solicitud ReadProcessMemory o WriteProcessMemory. (0x12B)
[0530/124202.403:ERROR:process_memory_win.cc(73)] ReadMemory at 0x1e9297286e0 of 132 bytes failed: Solo se completó una parte de una solicitud ReadProcessMemory o WriteProcessMemory. (0x12B)
[0530/124202.403:ERROR:process_memory_win.cc(73)] ReadMemory at 0x1e929728810 of 132 bytes failed: Solo se completó una parte de una solicitud ReadProcessMemory o WriteProcessMemory. (0x12B)
[0530/124202.403:ERROR:process_memory_win.cc(73)] ReadMemory at 0x1e929728940 of 132 bytes failed: Solo se completó una parte de una solicitud ReadProcessMemory o WriteProcessMemory. (0x12B)
[0530/124202.403:ERROR:process_memory_win.cc(73)] ReadMemory at 0x1e929728a70 of 132 bytes failed: Solo se completó una parte de una solicitud ReadProcessMemory o WriteProcessMemory. (0x12B)
[0530/124202.403:ERROR:process_memory_win.cc(73)] ReadMemory at 0x1e929728ba0 of 132 bytes failed: Solo se completó una parte de una solicitud ReadProcessMemory o WriteProcessMemory. (0x12B)
[0530/124202.403:ERROR:process_memory_win.cc(73)] ReadMemory at 0x1e929728cd0 of 132 bytes failed: Solo se completó una parte de una solicitud ReadProcessMemory o WriteProcessMemory. (0x12B)
[0530/124202.403:ERROR:process_memory_win.cc(73)] ReadMemory at 0x1e929728e00 of 132 bytes failed: Solo se completó una parte de una solicitud ReadProcessMemory o WriteProcessMemory. (0x12B)
[0530/124202.403:ERROR:process_memory_win.cc(73)] ReadMemory at 0x1e929728f30 of 132 bytes failed: Solo se completó una parte de una solicitud ReadProcessMemory o WriteProcessMemory. (0x12B)
[0530/124202.403:ERROR:process_memory_win.cc(73)] ReadMemory at 0x1e929729060 of 132 bytes failed: Solo se completó una parte de una solicitud ReadProcessMemory o WriteProcessMemory. (0x12B)
[0530/124202.419:ERROR:process_memory_win.cc(73)] ReadMemory at 0x1e929729190 of 132 bytes failed: Solo se completó una parte de una solicitud ReadProcessMemory o WriteProcessMemory. (0x12B)
[0530/124202.419:ERROR:process_memory_win.cc(73)] ReadMemory at 0x1e9297292c0 of 132 bytes failed: Solo se completó una parte de una solicitud ReadProcessMemory o WriteProcessMemory. (0x12B)
[0530/124202.419:ERROR:process_memory_win.cc(73)] ReadMemory at 0x1e9297293f0 of 132 bytes failed: Solo se completó una parte de una solicitud ReadProcessMemory o WriteProcessMemory. (0x12B)
[0530/124202.419:ERROR:process_memory_win.cc(73)] ReadMemory at 0x1e929729780 of 132 bytes failed: Solo se completó una parte de una solicitud ReadProcessMemory o WriteProcessMemory. (0x12B)
[0530/124202.419:ERROR:process_memory_win.cc(73)] ReadMemory at 0x1e9297298b0 of 132 bytes failed: Solo se completó una parte de una solicitud ReadProcessMemory o WriteProcessMemory. (0x12B)
[0530/124202.419:ERROR:process_memory_win.cc(73)] ReadMemory at 0x1e9297299e0 of 132 bytes failed: Solo se completó una parte de una solicitud ReadProcessMemory o WriteProcessMemory. (0x12B)
[0530/124202.419:ERROR:process_memory_win.cc(73)] ReadMemory at 0x1e929729c40 of 132 bytes failed: Solo se completó una parte de una solicitud ReadProcessMemory o WriteProcessMemory. (0x12B)
[0530/124202.419:ERROR:process_memory_win.cc(73)] ReadMemory at 0x1e929729ea0 of 132 bytes failed: Solo se completó una parte de una solicitud ReadProcessMemory o WriteProcessMemory. (0x12B)
[0530/124202.419:ERROR:process_memory_win.cc(73)] ReadMemory at 0x1e929729fd0 of 132 bytes failed: Solo se completó una parte de una solicitud ReadProcessMemory o WriteProcessMemory. (0x12B)
[0530/124202.419:ERROR:process_memory_win.cc(73)] ReadMemory at 0x1e92972a100 of 132 bytes failed: Solo se completó una parte de una solicitud ReadProcessMemory o WriteProcessMemory. (0x12B)
[0530/124202.419:ERROR:process_memory_win.cc(73)] ReadMemory at 0x1e92972a230 of 132 bytes failed: Solo se completó una parte de una solicitud ReadProcessMemory o WriteProcessMemory. (0x12B)
[0530/124202.422:ERROR:process_memory_win.cc(73)] ReadMemory at 0x1e92972a490 of 132 bytes failed: Solo se completó una parte de una solicitud ReadProcessMemory o WriteProcessMemory. (0x12B)
[0530/124202.422:ERROR:process_memory_win.cc(73)] ReadMemory at 0x1e92973cf30 of 58 bytes failed: Solo se completó una parte de una solicitud ReadProcessMemory o WriteProcessMemory. (0x12B)
[0530/124202.422:ERROR:process_memory_win.cc(73)] ReadMemory at 0x1e92973cfd0 of 58 bytes failed: Solo se completó una parte de una solicitud ReadProcessMemory o WriteProcessMemory. (0x12B)
[0530/124202.422:ERROR:process_memory_win.cc(73)] ReadMemory at 0x1e92973d160 of 62 bytes failed: Solo se completó una parte de una solicitud ReadProcessMemory o WriteProcessMemory. (0x12B)
[0530/124202.423:ERROR:process_memory_win.cc(73)] ReadMemory at 0x1e92973d390 of 66 bytes failed: Solo se completó una parte de una solicitud ReadProcessMemory o WriteProcessMemory. (0x12B)
[0530/124202.423:ERROR:process_memory_win.cc(73)] ReadMemory at 0x1e92973d3e0 of 60 bytes failed: Solo se completó una parte de una solicitud ReadProcessMemory o WriteProcessMemory. (0x12B)
[0530/124202.423:ERROR:process_memory_win.cc(73)] ReadMemory at 0x1e92973d6b0 of 62 bytes failed: Solo se completó una parte de una solicitud ReadProcessMemory o WriteProcessMemory. (0x12B)
[0530/124202.423:ERROR:process_memory_win.cc(73)] ReadMemory at 0x1e92973d700 of 60 bytes failed: Solo se completó una parte de una solicitud ReadProcessMemory o WriteProcessMemory. (0x12B)
[0530/124202.423:ERROR:process_memory_win.cc(73)] ReadMemory at 0x1e92973da70 of 58 bytes failed: Solo se completó una parte de una solicitud ReadProcessMemory o WriteProcessMemory. (0x12B)
[0530/124202.423:ERROR:process_memory_win.cc(73)] ReadMemory at 0x1e92973dd40 of 64 bytes failed: Solo se completó una parte de una solicitud ReadProcessMemory o WriteProcessMemory. (0x12B)
[0530/124202.423:ERROR:process_memory_win.cc(73)] ReadMemory at 0x1e92973de30 of 62 bytes failed: Solo se completó una parte de una solicitud ReadProcessMemory o WriteProcessMemory. (0x12B)
[0530/124202.423:ERROR:process_memory_win.cc(73)] ReadMemory at 0x1e9297488e0 of 512 bytes failed: Solo se completó una parte de una solicitud ReadProcessMemory o WriteProcessMemory. (0x12B)
[0530/124202.423:ERROR:process_memory_win.cc(73)] ReadMemory at 0x1e929749850 of 512 bytes failed: Solo se completó una parte de una solicitud ReadProcessMemory o WriteProcessMemory. (0x12B)
[0530/124202.423:ERROR:process_memory_win.cc(73)] ReadMemory at 0x1e929820e80 of 512 bytes failed: Solo se completó una parte de una solicitud ReadProcessMemory o WriteProcessMemory. (0x12B)
[0530/124202.423:ERROR:process_memory_win.cc(73)] ReadMemory at 0x1e929e80000 of 384 bytes failed: Solo se completó una parte de una solicitud ReadProcessMemory o WriteProcessMemory. (0x12B)
[0530/124202.423:ERROR:process_memory_win.cc(73)] ReadMemory at 0x1e929eb45f0 of 512 bytes failed: Solo se completó una parte de una solicitud ReadProcessMemory o WriteProcessMemory. (0x12B)
[0530/124202.423:ERROR:process_memory_win.cc(73)] ReadMemory at 0x1e929eb4f20 of 512 bytes failed: Solo se completó una parte de una solicitud ReadProcessMemory o WriteProcessMemory. (0x12B)
[0530/124202.423:ERROR:process_memory_win.cc(73)] ReadMemory at 0x1e929ec82c0 of 512 bytes failed: Solo se completó una parte de una solicitud ReadProcessMemory o WriteProcessMemory. (0x12B)
[0530/124202.423:ERROR:process_memory_win.cc(73)] ReadMemory at 0x1e929ecc470 of 512 bytes failed: Solo se completó una parte de una solicitud ReadProcessMemory o WriteProcessMemory. (0x12B)
[0530/124202.423:ERROR:process_memory_win.cc(73)] ReadMemory at 0x1e929edba00 of 712 bytes failed: Solo se completó una parte de una solicitud ReadProcessMemory o WriteProcessMemory. (0x12B)
[0530/124202.423:ERROR:process_memory_win.cc(73)] ReadMemory at 0x1e929ee1438 of 512 bytes failed: Solo se completó una parte de una solicitud ReadProcessMemory o WriteProcessMemory. (0x12B)
[0530/124202.423:ERROR:process_memory_win.cc(73)] ReadMemory at 0x1e929ee3158 of 512 bytes failed: Solo se completó una parte de una solicitud ReadProcessMemory o WriteProcessMemory. (0x12B)
[0530/124202.423:ERROR:process_memory_win.cc(73)] ReadMemory at 0x1e929f04980 of 512 bytes failed: Solo se completó una parte de una solicitud ReadProcessMemory o WriteProcessMemory. (0x12B)
[0530/124202.423:ERROR:process_memory_win.cc(73)] ReadMemory at 0x1e929f0fe20 of 512 bytes failed: Solo se completó una parte de una solicitud ReadProcessMemory o WriteProcessMemory. (0x12B)
[0530/124202.423:ERROR:process_memory_win.cc(73)] ReadMemory at 0x1e92b7b6900 of 512 bytes failed: Solo se completó una parte de una solicitud ReadProcessMemory o WriteProcessMemory. (0x12B)
[0530/124202.423:ERROR:process_memory_win.cc(73)] ReadMemory at 0x1e92b918dc0 of 512 bytes failed: Solo se completó una parte de una solicitud ReadProcessMemory o WriteProcessMemory. (0x12B)
[0530/124202.429:ERROR:process_memory_win.cc(73)] ReadMemory at 0x1e92ceffb70 of 512 bytes failed: Solo se completó una parte de una solicitud ReadProcessMemory o WriteProcessMemory. (0x12B)
[0530/124202.429:ERROR:process_memory_win.cc(73)] ReadMemory at 0x1e92cfce910 of 512 bytes failed: Solo se completó una parte de una solicitud ReadProcessMemory o WriteProcessMemory. (0x12B)
[0530/124202.429:ERROR:process_memory_win.cc(73)] ReadMemory at 0x1e92cfceb90 of 512 bytes failed: Solo se completó una parte de una solicitud ReadProcessMemory o WriteProcessMemory. (0x12B)
[0530/124202.429:ERROR:process_memory_win.cc(73)] ReadMemory at 0x7ff88a6b7fe0 of 512 bytes failed: Solo se completó una parte de una solicitud ReadProcessMemory o WriteProcessMemory. (0x12B)
[0530/124202.429:ERROR:process_memory_win.cc(73)] ReadMemory at 0x7ff88adc3abe of 512 bytes failed: Solo se completó una parte de una solicitud ReadProcessMemory o WriteProcessMemory. (0x12B)
[0530/124202.429:ERROR:process_memory_win.cc(73)] ReadMemory at 0x7ff88adc3d6d of 512 bytes failed: Solo se completó una parte de una solicitud ReadProcessMemory o WriteProcessMemory. (0x12B)
[0530/124202.429:ERROR:process_memory_win.cc(73)] ReadMemory at 0x7ff88ba8601a of 512 bytes failed: Solo se completó una parte de una solicitud ReadProcessMemory o WriteProcessMemory. (0x12B)
[0530/124202.429:ERROR:process_memory_win.cc(73)] ReadMemory at 0x7ff8ce0ca719 of 512 bytes failed: Solo se completó una parte de una solicitud ReadProcessMemory o WriteProcessMemory. (0x12B)
[0530/124202.429:ERROR:process_memory_win.cc(73)] ReadMemory at 0x7ff8ce2fc6e0 of 512 bytes failed: Solo se completó una parte de una solicitud ReadProcessMemory o WriteProcessMemory. (0x12B)
[0530/124202.429:ERROR:process_memory_win.cc(73)] ReadMemory at 0x7ff8d044cdb0 of 512 bytes failed: Solo se completó una parte de una solicitud ReadProcessMemory o WriteProcessMemory. (0x12B)
[0530/124202.429:ERROR:process_memory_win.cc(73)] ReadMemory at 0x7ff8d047c074 of 672 bytes failed: Solo se completó una parte de una solicitud ReadProcessMemory o WriteProcessMemory. (0x12B)
[0530/124202.429:ERROR:process_memory_win.cc(73)] ReadMemory at 0x7ff8d047c674 of 512 bytes failed: Solo se completó una parte de una solicitud ReadProcessMemory o WriteProcessMemory. (0x12B)
[0530/124202.429:ERROR:process_memory_win.cc(73)] ReadMemory at 0x7ff8d047f924 of 608 bytes failed: Solo se completó una parte de una solicitud ReadProcessMemory o WriteProcessMemory. (0x12B)
[0530/124202.429:ERROR:process_memory_win.cc(73)] ReadMemory at 0x7ff8d050c428 of 18 bytes failed: Solo se completó una parte de una solicitud ReadProcessMemory o WriteProcessMemory. (0x12B)
[0530/124202.429:ERROR:process_memory_win.cc(73)] ReadMemory at 0x7ff8d053f4f8 of 40 bytes failed: Solo se completó una parte de una solicitud ReadProcessMemory o WriteProcessMemory. (0x12B)
[0530/124202.429:ERROR:process_memory_win.cc(73)] ReadMemory at 0x7ff8d053f978 of 48 bytes failed: Solo se completó una parte de una solicitud ReadProcessMemory o WriteProcessMemory. (0x12B)
[0530/124202.429:ERROR:process_memory_win.cc(73)] ReadMemory at 0x7ff8d05453c0 of 64 bytes failed: Solo se completó una parte de una solicitud ReadProcessMemory o WriteProcessMemory. (0x12B)
[0530/124202.494:ERROR:scoped_process_suspend.cc(40)] NtResumeProcess: Se intentó obtener acceso a un proceso que está cerrándose. (0xc000010a)
[0530/125649.145:ERROR:process_reader_win.cc(123)] NtOpenThread: {Acceso denegado} Un proceso ha solicitado acceso a un objeto, pero no se le han concedido esos derechos de acceso. (0xc0000022)
[0530/125649.167:ERROR:exception_snapshot_win.cc(98)] thread ID 3140 not found in process
[0530/125651.461:ERROR:process_reader_win.cc(123)] NtOpenThread: {Acceso denegado} Un proceso ha solicitado acceso a un objeto, pero no se le han concedido esos derechos de acceso. (0xc0000022)
[0530/125651.461:ERROR:exception_snapshot_win.cc(98)] thread ID 2516 not found in process
[0530/125658.370:ERROR:process_reader_win.cc(123)] NtOpenThread: {Acceso denegado} Un proceso ha solicitado acceso a un objeto, pero no se le han concedido esos derechos de acceso. (0xc0000022)
[0530/125658.370:ERROR:exception_snapshot_win.cc(98)] thread ID 4104 not found in process
[0530/125700.254:ERROR:process_reader_win.cc(123)] NtOpenThread: {Acceso denegado} Un proceso ha solicitado acceso a un objeto, pero no se le han concedido esos derechos de acceso. (0xc0000022)
[0530/125700.254:ERROR:exception_snapshot_win.cc(98)] thread ID 8700 not found in process
[0530/125702.359:ERROR:process_reader_win.cc(123)] NtOpenThread: {Acceso denegado} Un proceso ha solicitado acceso a un objeto, pero no se le han concedido esos derechos de acceso. (0xc0000022)
[0530/125702.359:ERROR:exception_snapshot_win.cc(98)] thread ID 7736 not found in process
[0530/125704.778:ERROR:process_reader_win.cc(123)] NtOpenThread: {Acceso denegado} Un proceso ha solicitado acceso a un objeto, pero no se le han concedido esos derechos de acceso. (0xc0000022)
[0530/125704.778:ERROR:exception_snapshot_win.cc(98)] thread ID 5460 not found in process
[0530/125706.373:ERROR:process_reader_win.cc(123)] NtOpenThread: {Acceso denegado} Un proceso ha solicitado acceso a un objeto, pero no se le han concedido esos derechos de acceso. (0xc0000022)
[0530/125706.373:ERROR:exception_snapshot_win.cc(98)] thread ID 7632 not found in process
